TN:
SF:/Users/edward67/Desktop/work/uxcore/uxcore-load-more/src/index.js
FNF:0
FNH:0
DA:11,1
LF:1
LH:1
BRF:0
BRH:0
end_of_record
TN:
SF:/Users/edward67/Desktop/work/uxcore/uxcore-load-more/src/LoadMore.jsx
FN:3,(anonymous_1)
FN:3,(anonymous_2)
FN:5,_defaults
FN:7,_defineProperty
FN:9,_classCallCheck
FN:11,_possibleConstructorReturn
FN:13,_inherits
FN:29,isElementInView
FN:45,(anonymous_9)
FN:48,LoadMore
FN:57,componentDidMount
FN:61,(anonymous_12)
FN:84,onScroll
FN:100,onScrollStop
FN:109,onClick
FN:113,(anonymous_16)
FN:122,renderLoadStatus
FN:172,render
FN:192,onLoadMore
FNF:19
FNH:18
FNDA:0,(anonymous_1)
FNDA:21,(anonymous_2)
FNDA:1,_defaults
FNDA:13,_defineProperty
FNDA:13,_classCallCheck
FNDA:13,_possibleConstructorReturn
FNDA:1,_inherits
FNDA:13,isElementInView
FNDA:1,(anonymous_9)
FNDA:13,LoadMore
FNDA:13,componentDidMount
FNDA:13,(anonymous_12)
FNDA:1,onScroll
FNDA:1,onScrollStop
FNDA:1,onClick
FNDA:1,(anonymous_16)
FNDA:13,renderLoadStatus
FNDA:13,render
FNDA:5,onLoadMore
DA:3,21
DA:5,5
DA:7,13
DA:9,13
DA:11,13
DA:13,1
DA:23,1
DA:24,1
DA:25,1
DA:27,1
DA:29,1
DA:30,13
DA:31,4
DA:34,9
DA:35,9
DA:36,9
DA:37,9
DA:38,9
DA:39,9
DA:40,9
DA:42,9
DA:45,1
DA:46,1
DA:48,1
DA:49,13
DA:51,13
DA:53,13
DA:54,13
DA:57,1
DA:58,13
DA:59,13
DA:61,13
DA:62,13
DA:65,13
DA:66,12
DA:67,12
DA:68,0
DA:69,0
DA:73,12
DA:74,8
DA:84,1
DA:85,1
DA:86,1
DA:88,1
DA:89,0
DA:92,1
DA:100,1
DA:101,1
DA:102,1
DA:104,1
DA:105,1
DA:109,1
DA:110,1
DA:111,1
DA:113,1
DA:114,1
DA:117,1
DA:118,1
DA:122,1
DA:123,13
DA:124,13
DA:125,13
DA:126,13
DA:128,13
DA:130,9
DA:140,9
DA:143,2
DA:152,2
DA:155,2
DA:163,2
DA:166,0
DA:169,13
DA:172,1
DA:173,13
DA:175,13
DA:184,1
DA:187,1
DA:198,1
DA:208,1
DA:210,1
LF:80
LH:76
BRDA:3,1,0,0
BRDA:3,1,1,1
BRDA:3,2,0,1
BRDA:3,2,1,0
BRDA:3,3,0,0
BRDA:3,3,1,21
BRDA:3,4,0,21
BRDA:3,4,1,21
BRDA:3,4,2,0
BRDA:3,4,3,0
BRDA:5,5,0,0
BRDA:5,5,1,5
BRDA:5,6,0,5
BRDA:5,6,1,5
BRDA:5,6,2,0
BRDA:7,7,0,0
BRDA:7,7,1,13
BRDA:9,8,0,0
BRDA:9,8,1,13
BRDA:11,9,0,0
BRDA:11,9,1,13
BRDA:11,10,0,0
BRDA:11,10,1,13
BRDA:11,11,0,13
BRDA:11,11,1,0
BRDA:11,11,2,0
BRDA:13,12,0,0
BRDA:13,12,1,1
BRDA:13,13,0,1
BRDA:13,13,1,0
BRDA:13,14,0,1
BRDA:13,14,1,1
BRDA:13,15,0,1
BRDA:13,15,1,0
BRDA:13,16,0,0
BRDA:13,16,1,1
BRDA:30,17,0,4
BRDA:30,17,1,9
BRDA:30,18,0,13
BRDA:30,18,1,9
BRDA:30,19,0,0
BRDA:30,19,1,9
BRDA:35,20,0,9
BRDA:35,20,1,0
BRDA:35,20,2,0
BRDA:36,21,0,9
BRDA:36,21,1,9
BRDA:36,21,2,9
BRDA:38,22,0,9
BRDA:38,22,1,9
BRDA:38,22,2,9
BRDA:42,23,0,9
BRDA:42,23,1,9
BRDA:65,24,0,12
BRDA:65,24,1,1
BRDA:65,25,0,13
BRDA:65,25,1,12
BRDA:65,26,0,0
BRDA:65,26,1,12
BRDA:66,27,0,12
BRDA:66,27,1,0
BRDA:68,28,0,0
BRDA:68,28,1,0
BRDA:73,29,0,8
BRDA:73,29,1,4
BRDA:88,30,0,0
BRDA:88,30,1,1
BRDA:104,31,0,1
BRDA:104,31,1,0
BRDA:117,32,0,1
BRDA:117,32,1,0
BRDA:128,33,0,9
BRDA:128,33,1,2
BRDA:128,33,2,2
BRDA:128,33,3,0
BRDA:138,34,0,1
BRDA:138,34,1,8
BRDA:150,35,0,1
BRDA:150,35,1,1
BRDA:161,36,0,1
BRDA:161,36,1,1
BRF:81
BRH:53
end_of_record
TN:
SF:/Users/edward67/Desktop/work/uxcore/uxcore-load-more/src/i18n.js
FNF:0
FNH:0
DA:3,1
LF:1
LH:1
BRF:0
BRH:0
end_of_record
