TN:
SF:/Users/youngbrain/alibaba/uxcore/uxcore-load-more/src/index.js
FNF:0
FNH:0
DA:11,1
LF:1
LH:1
BRF:0
BRH:0
end_of_record
TN:
SF:/Users/youngbrain/alibaba/uxcore/uxcore-load-more/src/LoadMore.jsx
FN:3,(anonymous_1)
FN:3,(anonymous_2)
FN:5,_defaults
FN:7,_defineProperty
FN:9,_classCallCheck
FN:11,_possibleConstructorReturn
FN:13,_inherits
FN:30,isElementInView
FN:46,(anonymous_9)
FN:49,LoadMore
FN:58,componentDidMount
FN:62,(anonymous_12)
FN:85,onScroll
FN:101,onScrollStop
FN:110,onClick
FN:114,(anonymous_16)
FN:123,renderLoadStatus
FN:173,render
FN:193,onLoadMore
FNF:19
FNH:18
FNDA:0,(anonymous_1)
FNDA:21,(anonymous_2)
FNDA:1,_defaults
FNDA:13,_defineProperty
FNDA:13,_classCallCheck
FNDA:13,_possibleConstructorReturn
FNDA:1,_inherits
FNDA:13,isElementInView
FNDA:1,(anonymous_9)
FNDA:13,LoadMore
FNDA:13,componentDidMount
FNDA:13,(anonymous_12)
FNDA:2,onScroll
FNDA:1,onScrollStop
FNDA:1,onClick
FNDA:1,(anonymous_16)
FNDA:13,renderLoadStatus
FNDA:13,render
FNDA:5,onLoadMore
DA:3,21
DA:5,5
DA:7,13
DA:9,13
DA:11,13
DA:13,1
DA:23,1
DA:24,1
DA:25,1
DA:26,1
DA:28,1
DA:30,1
DA:31,13
DA:32,4
DA:35,9
DA:36,9
DA:37,9
DA:38,9
DA:39,9
DA:40,9
DA:41,9
DA:43,9
DA:46,1
DA:47,1
DA:49,1
DA:50,13
DA:52,13
DA:54,13
DA:55,13
DA:58,1
DA:59,13
DA:60,13
DA:62,13
DA:63,13
DA:66,13
DA:67,12
DA:68,12
DA:69,0
DA:70,0
DA:74,12
DA:75,8
DA:85,1
DA:86,2
DA:87,2
DA:89,2
DA:90,1
DA:93,2
DA:101,1
DA:102,1
DA:103,1
DA:105,1
DA:106,1
DA:110,1
DA:111,1
DA:112,1
DA:114,1
DA:115,1
DA:118,1
DA:119,1
DA:123,1
DA:124,13
DA:125,13
DA:126,13
DA:127,13
DA:129,13
DA:131,9
DA:141,9
DA:144,2
DA:153,2
DA:156,2
DA:164,2
DA:167,0
DA:170,13
DA:173,1
DA:174,13
DA:176,13
DA:185,1
DA:188,1
DA:199,1
DA:209,1
DA:211,1
LF:81
LH:78
BRDA:3,1,0,0
BRDA:3,1,1,1
BRDA:3,2,0,1
BRDA:3,2,1,0
BRDA:3,3,0,0
BRDA:3,3,1,21
BRDA:3,4,0,21
BRDA:3,4,1,21
BRDA:3,4,2,0
BRDA:3,4,3,0
BRDA:5,5,0,0
BRDA:5,5,1,5
BRDA:5,6,0,5
BRDA:5,6,1,5
BRDA:5,6,2,0
BRDA:7,7,0,0
BRDA:7,7,1,13
BRDA:9,8,0,0
BRDA:9,8,1,13
BRDA:11,9,0,0
BRDA:11,9,1,13
BRDA:11,10,0,0
BRDA:11,10,1,13
BRDA:11,11,0,13
BRDA:11,11,1,0
BRDA:11,11,2,0
BRDA:13,12,0,0
BRDA:13,12,1,1
BRDA:13,13,0,1
BRDA:13,13,1,0
BRDA:13,14,0,1
BRDA:13,14,1,1
BRDA:13,15,0,1
BRDA:13,15,1,0
BRDA:13,16,0,0
BRDA:13,16,1,1
BRDA:31,17,0,4
BRDA:31,17,1,9
BRDA:31,18,0,13
BRDA:31,18,1,9
BRDA:31,19,0,0
BRDA:31,19,1,9
BRDA:36,20,0,9
BRDA:36,20,1,0
BRDA:36,20,2,0
BRDA:37,21,0,9
BRDA:37,21,1,9
BRDA:37,21,2,9
BRDA:39,22,0,9
BRDA:39,22,1,9
BRDA:39,22,2,9
BRDA:43,23,0,9
BRDA:43,23,1,9
BRDA:66,24,0,12
BRDA:66,24,1,1
BRDA:66,25,0,13
BRDA:66,25,1,12
BRDA:66,26,0,0
BRDA:66,26,1,12
BRDA:67,27,0,12
BRDA:67,27,1,0
BRDA:69,28,0,0
BRDA:69,28,1,0
BRDA:74,29,0,8
BRDA:74,29,1,4
BRDA:89,30,0,1
BRDA:89,30,1,1
BRDA:105,31,0,1
BRDA:105,31,1,0
BRDA:118,32,0,1
BRDA:118,32,1,0
BRDA:129,33,0,9
BRDA:129,33,1,2
BRDA:129,33,2,2
BRDA:129,33,3,0
BRDA:139,34,0,1
BRDA:139,34,1,8
BRDA:151,35,0,1
BRDA:151,35,1,1
BRDA:162,36,0,1
BRDA:162,36,1,1
BRF:81
BRH:54
end_of_record
TN:
SF:/Users/youngbrain/alibaba/uxcore/uxcore-load-more/src/i18n.js
FNF:0
FNH:0
DA:3,1
LF:1
LH:1
BRF:0
BRH:0
end_of_record
